[27-Jul-2022 15:55:08 UTC] PHP Warning:  予期しないエラーが発生しました。WordPress.org かこのサーバーの設定に何か問題があるかもしれません。問題が続くようであれば、<a href="https://ja.wordpress.org/support/forums/">サポートフォーラム</a>を参照してみてください。 (WordPress は WordPress.org との安全な接続を確立できませんでした。サーバー管理者にご連絡ください) in /Users/user/Local Sites/kuronekohair/app/public/wp-includes/update.php on line 172
[27-Jul-2022 15:55:08 UTC] PHP Stack trace:
[27-Jul-2022 15:55:08 UTC] PHP   1. {main}() /Users/user/Local Sites/kuronekohair/app/public/wp-cron.php:0
[27-Jul-2022 15:55:08 UTC] PHP   2. do_action_ref_array() /Users/user/Local Sites/kuronekohair/app/public/wp-cron.php:138
[27-Jul-2022 15:55:08 UTC] PHP   3. WP_Hook->do_action() /Users/user/Local Sites/kuronekohair/app/public/wp-includes/plugin.php:524
[27-Jul-2022 15:55:08 UTC] PHP   4. WP_Hook->apply_filters() /Users/user/Local Sites/kuronekohair/app/public/wp-includes/class-wp-hook.php:331
[27-Jul-2022 15:55:08 UTC] PHP   5. wp_version_check() /Users/user/Local Sites/kuronekohair/app/public/wp-includes/class-wp-hook.php:307
[27-Jul-2022 15:55:08 UTC] PHP   6. trigger_error() /Users/user/Local Sites/kuronekohair/app/public/wp-includes/update.php:172
[27-Jul-2022 15:55:08 UTC] PHP Warning:  予期しないエラーが発生しました。WordPress.org かこのサーバーの設定に何か問題があるかもしれません。問題が続くようであれば、<a href="https://ja.wordpress.org/support/forums/">サポートフォーラム</a>を参照してみてください。 (WordPress は WordPress.org との安全な接続を確立できませんでした。サーバー管理者にご連絡ください) in /Users/user/Local Sites/kuronekohair/app/public/wp-includes/update.php on line 410
[27-Jul-2022 15:55:08 UTC] PHP Stack trace:
[27-Jul-2022 15:55:08 UTC] PHP   1. {main}() /Users/user/Local Sites/kuronekohair/app/public/wp-cron.php:0
[27-Jul-2022 15:55:08 UTC] PHP   2. do_action_ref_array() /Users/user/Local Sites/kuronekohair/app/public/wp-cron.php:138
[27-Jul-2022 15:55:08 UTC] PHP   3. WP_Hook->do_action() /Users/user/Local Sites/kuronekohair/app/public/wp-includes/plugin.php:524
[27-Jul-2022 15:55:08 UTC] PHP   4. WP_Hook->apply_filters() /Users/user/Local Sites/kuronekohair/app/public/wp-includes/class-wp-hook.php:331
[27-Jul-2022 15:55:08 UTC] PHP   5. wp_update_plugins() /Users/user/Local Sites/kuronekohair/app/public/wp-includes/class-wp-hook.php:307
[27-Jul-2022 15:55:08 UTC] PHP   6. trigger_error() /Users/user/Local Sites/kuronekohair/app/public/wp-includes/update.php:410
[27-Jul-2022 15:55:08 UTC] PHP Warning:  予期しないエラーが発生しました。WordPress.org かこのサーバーの設定に何か問題があるかもしれません。問題が続くようであれば、<a href="https://ja.wordpress.org/support/forums/">サポートフォーラム</a>を参照してみてください。 (WordPress は WordPress.org との安全な接続を確立できませんでした。サーバー管理者にご連絡ください) in /Users/user/Local Sites/kuronekohair/app/public/wp-includes/update.php on line 690
[27-Jul-2022 15:55:08 UTC] PHP Stack trace:
[27-Jul-2022 15:55:08 UTC] PHP   1. {main}() /Users/user/Local Sites/kuronekohair/app/public/wp-cron.php:0
[27-Jul-2022 15:55:08 UTC] PHP   2. do_action_ref_array() /Users/user/Local Sites/kuronekohair/app/public/wp-cron.php:138
[27-Jul-2022 15:55:08 UTC] PHP   3. WP_Hook->do_action() /Users/user/Local Sites/kuronekohair/app/public/wp-includes/plugin.php:524
[27-Jul-2022 15:55:08 UTC] PHP   4. WP_Hook->apply_filters() /Users/user/Local Sites/kuronekohair/app/public/wp-includes/class-wp-hook.php:331
[27-Jul-2022 15:55:08 UTC] PHP   5. wp_update_themes() /Users/user/Local Sites/kuronekohair/app/public/wp-includes/class-wp-hook.php:307
[27-Jul-2022 15:55:08 UTC] PHP   6. trigger_error() /Users/user/Local Sites/kuronekohair/app/public/wp-includes/update.php:690
[02-Aug-2022 10:01:17 UTC] PHP Warning:  予期しないエラーが発生しました。WordPress.org かこのサーバーの設定に何か問題があるかもしれません。問題が続くようであれば、<a href="https://ja.wordpress.org/support/forums/">サポートフォーラム</a>を参照してみてください。 (WordPress は WordPress.org との安全な接続を確立できませんでした。サーバー管理者にご連絡ください) in /Users/user/Local Sites/kuronekohair/app/public/wp-includes/update.php on line 172
[02-Aug-2022 10:01:17 UTC] PHP Stack trace:
[02-Aug-2022 10:01:17 UTC] PHP   1. {main}() /Users/user/Local Sites/kuronekohair/app/public/wp-cron.php:0
[02-Aug-2022 10:01:17 UTC] PHP   2. do_action_ref_array() /Users/user/Local Sites/kuronekohair/app/public/wp-cron.php:138
[02-Aug-2022 10:01:17 UTC] PHP   3. WP_Hook->do_action() /Users/user/Local Sites/kuronekohair/app/public/wp-includes/plugin.php:524
[02-Aug-2022 10:01:17 UTC] PHP   4. WP_Hook->apply_filters() /Users/user/Local Sites/kuronekohair/app/public/wp-includes/class-wp-hook.php:331
[02-Aug-2022 10:01:17 UTC] PHP   5. wp_version_check() /Users/user/Local Sites/kuronekohair/app/public/wp-includes/class-wp-hook.php:307
[02-Aug-2022 10:01:17 UTC] PHP   6. trigger_error() /Users/user/Local Sites/kuronekohair/app/public/wp-includes/update.php:172
[02-Aug-2022 10:01:17 UTC] PHP Warning:  予期しないエラーが発生しました。WordPress.org かこのサーバーの設定に何か問題があるかもしれません。問題が続くようであれば、<a href="https://ja.wordpress.org/support/forums/">サポートフォーラム</a>を参照してみてください。 (WordPress は WordPress.org との安全な接続を確立できませんでした。サーバー管理者にご連絡ください) in /Users/user/Local Sites/kuronekohair/app/public/wp-includes/update.php on line 410
[02-Aug-2022 10:01:17 UTC] PHP Stack trace:
[02-Aug-2022 10:01:17 UTC] PHP   1. {main}() /Users/user/Local Sites/kuronekohair/app/public/wp-cron.php:0
[02-Aug-2022 10:01:17 UTC] PHP   2. do_action_ref_array() /Users/user/Local Sites/kuronekohair/app/public/wp-cron.php:138
[02-Aug-2022 10:01:17 UTC] PHP   3. WP_Hook->do_action() /Users/user/Local Sites/kuronekohair/app/public/wp-includes/plugin.php:524
[02-Aug-2022 10:01:17 UTC] PHP   4. WP_Hook->apply_filters() /Users/user/Local Sites/kuronekohair/app/public/wp-includes/class-wp-hook.php:331
[02-Aug-2022 10:01:17 UTC] PHP   5. wp_update_plugins() /Users/user/Local Sites/kuronekohair/app/public/wp-includes/class-wp-hook.php:307
[02-Aug-2022 10:01:17 UTC] PHP   6. trigger_error() /Users/user/Local Sites/kuronekohair/app/public/wp-includes/update.php:410
[02-Aug-2022 10:01:17 UTC] PHP Warning:  予期しないエラーが発生しました。WordPress.org かこのサーバーの設定に何か問題があるかもしれません。問題が続くようであれば、<a href="https://ja.wordpress.org/support/forums/">サポートフォーラム</a>を参照してみてください。 (WordPress は WordPress.org との安全な接続を確立できませんでした。サーバー管理者にご連絡ください) in /Users/user/Local Sites/kuronekohair/app/public/wp-includes/update.php on line 690
[02-Aug-2022 10:01:17 UTC] PHP Stack trace:
[02-Aug-2022 10:01:17 UTC] PHP   1. {main}() /Users/user/Local Sites/kuronekohair/app/public/wp-cron.php:0
[02-Aug-2022 10:01:17 UTC] PHP   2. do_action_ref_array() /Users/user/Local Sites/kuronekohair/app/public/wp-cron.php:138
[02-Aug-2022 10:01:17 UTC] PHP   3. WP_Hook->do_action() /Users/user/Local Sites/kuronekohair/app/public/wp-includes/plugin.php:524
[02-Aug-2022 10:01:17 UTC] PHP   4. WP_Hook->apply_filters() /Users/user/Local Sites/kuronekohair/app/public/wp-includes/class-wp-hook.php:331
[02-Aug-2022 10:01:17 UTC] PHP   5. wp_update_themes() /Users/user/Local Sites/kuronekohair/app/public/wp-includes/class-wp-hook.php:307
[02-Aug-2022 10:01:17 UTC] PHP   6. trigger_error() /Users/user/Local Sites/kuronekohair/app/public/wp-includes/update.php:690
[25-Aug-2022 00:10:07 UTC] PHP Warning:  予期しないエラーが発生しました。WordPress.org かこのサーバーの設定に何か問題があるかもしれません。問題が続くようであれば、<a href="https://ja.wordpress.org/support/forums/">サポートフォーラム</a>を参照してみてください。 (WordPress は WordPress.org との安全な接続を確立できませんでした。サーバー管理者にご連絡ください) in /Users/user/Local Sites/kuronekohair/app/public/wp-includes/update.php on line 172
[25-Aug-2022 00:10:07 UTC] PHP Stack trace:
[25-Aug-2022 00:10:07 UTC] PHP   1. {main}() /Users/user/Local Sites/kuronekohair/app/public/wp-cron.php:0
[25-Aug-2022 00:10:07 UTC] PHP   2. do_action_ref_array() /Users/user/Local Sites/kuronekohair/app/public/wp-cron.php:138
[25-Aug-2022 00:10:07 UTC] PHP   3. WP_Hook->do_action() /Users/user/Local Sites/kuronekohair/app/public/wp-includes/plugin.php:524
[25-Aug-2022 00:10:07 UTC] PHP   4. WP_Hook->apply_filters() /Users/user/Local Sites/kuronekohair/app/public/wp-includes/class-wp-hook.php:331
[25-Aug-2022 00:10:07 UTC] PHP   5. wp_version_check() /Users/user/Local Sites/kuronekohair/app/public/wp-includes/class-wp-hook.php:307
[25-Aug-2022 00:10:07 UTC] PHP   6. trigger_error() /Users/user/Local Sites/kuronekohair/app/public/wp-includes/update.php:172
[25-Aug-2022 07:28:51 UTC] PHP Warning:  予期しないエラーが発生しました。WordPress.org かこのサーバーの設定に何か問題があるかもしれません。問題が続くようであれば、<a href="https://ja.wordpress.org/support/forums/">サポートフォーラム</a>を参照してみてください。 (WordPress は WordPress.org との安全な接続を確立できませんでした。サーバー管理者にご連絡ください) in /Users/user/Local Sites/kuronekohair/app/public/wp-includes/update.php on line 172
[25-Aug-2022 07:28:51 UTC] PHP Stack trace:
[25-Aug-2022 07:28:51 UTC] PHP   1. {main}() /Users/user/Local Sites/kuronekohair/app/public/wp-cron.php:0
[25-Aug-2022 07:28:51 UTC] PHP   2. do_action_ref_array() /Users/user/Local Sites/kuronekohair/app/public/wp-cron.php:138
[25-Aug-2022 07:28:51 UTC] PHP   3. WP_Hook->do_action() /Users/user/Local Sites/kuronekohair/app/public/wp-includes/plugin.php:524
[25-Aug-2022 07:28:51 UTC] PHP   4. WP_Hook->apply_filters() /Users/user/Local Sites/kuronekohair/app/public/wp-includes/class-wp-hook.php:331
[25-Aug-2022 07:28:51 UTC] PHP   5. wp_version_check() /Users/user/Local Sites/kuronekohair/app/public/wp-includes/class-wp-hook.php:307
[25-Aug-2022 07:28:51 UTC] PHP   6. trigger_error() /Users/user/Local Sites/kuronekohair/app/public/wp-includes/update.php:172
[29-Sep-2022 11:58:30 UTC] PHP Warning:  予期しないエラーが発生しました。WordPress.org かこのサーバーの設定に何か問題があるかもしれません。問題が続くようであれば、<a href="https://ja.wordpress.org/support/forums/">サポートフォーラム</a>を参照してみてください。 (WordPress は WordPress.org との安全な接続を確立できませんでした。サーバー管理者にご連絡ください) in /Users/user/Local Sites/kuronekohair/app/public/wp-includes/update.php on line 172
[29-Sep-2022 11:58:30 UTC] PHP Stack trace:
[29-Sep-2022 11:58:30 UTC] PHP   1. {main}() /Users/user/Local Sites/kuronekohair/app/public/wp-cron.php:0
[29-Sep-2022 11:58:30 UTC] PHP   2. do_action_ref_array() /Users/user/Local Sites/kuronekohair/app/public/wp-cron.php:138
[29-Sep-2022 11:58:30 UTC] PHP   3. WP_Hook->do_action() /Users/user/Local Sites/kuronekohair/app/public/wp-includes/plugin.php:524
[29-Sep-2022 11:58:30 UTC] PHP   4. WP_Hook->apply_filters() /Users/user/Local Sites/kuronekohair/app/public/wp-includes/class-wp-hook.php:331
[29-Sep-2022 11:58:30 UTC] PHP   5. wp_version_check() /Users/user/Local Sites/kuronekohair/app/public/wp-includes/class-wp-hook.php:307
[29-Sep-2022 11:58:30 UTC] PHP   6. trigger_error() /Users/user/Local Sites/kuronekohair/app/public/wp-includes/update.php:172
[29-Sep-2022 11:58:30 UTC] PHP Warning:  予期しないエラーが発生しました。WordPress.org かこのサーバーの設定に何か問題があるかもしれません。問題が続くようであれば、<a href="https://ja.wordpress.org/support/forums/">サポートフォーラム</a>を参照してみてください。 (WordPress は WordPress.org との安全な接続を確立できませんでした。サーバー管理者にご連絡ください) in /Users/user/Local Sites/kuronekohair/app/public/wp-includes/update.php on line 410
[29-Sep-2022 11:58:30 UTC] PHP Stack trace:
[29-Sep-2022 11:58:30 UTC] PHP   1. {main}() /Users/user/Local Sites/kuronekohair/app/public/wp-cron.php:0
[29-Sep-2022 11:58:30 UTC] PHP   2. do_action_ref_array() /Users/user/Local Sites/kuronekohair/app/public/wp-cron.php:138
[29-Sep-2022 11:58:30 UTC] PHP   3. WP_Hook->do_action() /Users/user/Local Sites/kuronekohair/app/public/wp-includes/plugin.php:524
[29-Sep-2022 11:58:30 UTC] PHP   4. WP_Hook->apply_filters() /Users/user/Local Sites/kuronekohair/app/public/wp-includes/class-wp-hook.php:331
[29-Sep-2022 11:58:30 UTC] PHP   5. wp_update_plugins() /Users/user/Local Sites/kuronekohair/app/public/wp-includes/class-wp-hook.php:307
[29-Sep-2022 11:58:30 UTC] PHP   6. trigger_error() /Users/user/Local Sites/kuronekohair/app/public/wp-includes/update.php:410
[29-Sep-2022 11:58:30 UTC] PHP Warning:  予期しないエラーが発生しました。WordPress.org かこのサーバーの設定に何か問題があるかもしれません。問題が続くようであれば、<a href="https://ja.wordpress.org/support/forums/">サポートフォーラム</a>を参照してみてください。 (WordPress は WordPress.org との安全な接続を確立できませんでした。サーバー管理者にご連絡ください) in /Users/user/Local Sites/kuronekohair/app/public/wp-includes/update.php on line 690
[29-Sep-2022 11:58:30 UTC] PHP Stack trace:
[29-Sep-2022 11:58:30 UTC] PHP   1. {main}() /Users/user/Local Sites/kuronekohair/app/public/wp-cron.php:0
[29-Sep-2022 11:58:30 UTC] PHP   2. do_action_ref_array() /Users/user/Local Sites/kuronekohair/app/public/wp-cron.php:138
[29-Sep-2022 11:58:30 UTC] PHP   3. WP_Hook->do_action() /Users/user/Local Sites/kuronekohair/app/public/wp-includes/plugin.php:524
[29-Sep-2022 11:58:30 UTC] PHP   4. WP_Hook->apply_filters() /Users/user/Local Sites/kuronekohair/app/public/wp-includes/class-wp-hook.php:331
[29-Sep-2022 11:58:30 UTC] PHP   5. wp_update_themes() /Users/user/Local Sites/kuronekohair/app/public/wp-includes/class-wp-hook.php:307
[29-Sep-2022 11:58:30 UTC] PHP   6. trigger_error() /Users/user/Local Sites/kuronekohair/app/public/wp-includes/update.php:690
[05-Jan-2023 15:16:03 UTC] PHP Parse error:  syntax error, unexpected 'else' (T_ELSE) in /Users/user/Local Sites/kuronekohair/app/public/wp-content/themes/kuroneko-hair/archive.php on line 10
[13-Jan-2023 11:20:24 UTC] PHP Parse error:  syntax error, unexpected '$neko_news_query' (T_VARIABLE) in /Users/user/Local Sites/kuronekohair/app/public/wp-content/themes/kuroneko-hair/front-page.php on line 21
[13-Jan-2023 11:57:47 UTC] PHP Parse error:  syntax error, unexpected ';', expecting ')' in /Users/user/Local Sites/kuronekohair/app/public/wp-content/themes/kuroneko-hair/search.php on line 19
[13-Jan-2023 12:00:15 UTC] PHP Parse error:  syntax error, unexpected ';', expecting ')' in /Users/user/Local Sites/kuronekohair/app/public/wp-content/themes/kuroneko-hair/search.php on line 19
[13-Jan-2023 12:00:17 UTC] PHP Parse error:  syntax error, unexpected ';', expecting ')' in /Users/user/Local Sites/kuronekohair/app/public/wp-content/themes/kuroneko-hair/search.php on line 19
[13-Jan-2023 12:00:22 UTC] PHP Parse error:  syntax error, unexpected ';', expecting ')' in /Users/user/Local Sites/kuronekohair/app/public/wp-content/themes/kuroneko-hair/search.php on line 19
[13-Jan-2023 13:11:53 UTC] PHP Parse error:  syntax error, unexpected ':' in /Users/user/Local Sites/kuronekohair/app/public/wp-content/themes/kuroneko-hair/header.php on line 41
[13-Jan-2023 14:13:59 UTC] PHP Parse error:  syntax error, unexpected '}' in /Users/user/Local Sites/kuronekohair/app/public/wp-content/themes/kuroneko-hair/functions.php on line 48
[13-Jan-2023 14:14:03 UTC] PHP Parse error:  syntax error, unexpected '}' in /Users/user/Local Sites/kuronekohair/app/public/wp-content/themes/kuroneko-hair/functions.php on line 48
[13-Jan-2023 18:14:56 UTC] PHP Warning:  予期しないエラーが発生しました。WordPress.org かこのサーバーの設定に何か問題があるかもしれません。問題が続くようであれば、<a href="https://ja.wordpress.org/support/forums/">サポートフォーラム</a>を参照してみてください。 (WordPress は WordPress.org との安全な接続を確立できませんでした。サーバー管理者にご連絡ください) in /Users/user/Local Sites/kuronekohair/app/public/wp-includes/update.php on line 209
[13-Jan-2023 18:14:56 UTC] PHP Stack trace:
[13-Jan-2023 18:14:56 UTC] PHP   1. {main}() /Users/user/Local Sites/kuronekohair/app/public/wp-cron.php:0
[13-Jan-2023 18:14:56 UTC] PHP   2. do_action_ref_array() /Users/user/Local Sites/kuronekohair/app/public/wp-cron.php:188
[13-Jan-2023 18:14:56 UTC] PHP   3. WP_Hook->do_action() /Users/user/Local Sites/kuronekohair/app/public/wp-includes/plugin.php:565
[13-Jan-2023 18:14:56 UTC] PHP   4. WP_Hook->apply_filters() /Users/user/Local Sites/kuronekohair/app/public/wp-includes/class-wp-hook.php:332
[13-Jan-2023 18:14:56 UTC] PHP   5. wp_version_check() /Users/user/Local Sites/kuronekohair/app/public/wp-includes/class-wp-hook.php:308
[13-Jan-2023 18:14:56 UTC] PHP   6. trigger_error() /Users/user/Local Sites/kuronekohair/app/public/wp-includes/update.php:209
[13-Jan-2023 18:14:56 UTC] PHP Warning:  予期しないエラーが発生しました。WordPress.org かこのサーバーの設定に何か問題があるかもしれません。問題が続くようであれば、<a href="https://ja.wordpress.org/support/forums/">サポートフォーラム</a>を参照してみてください。 (WordPress は WordPress.org との安全な接続を確立できませんでした。サーバー管理者にご連絡ください) in /Users/user/Local Sites/kuronekohair/app/public/wp-includes/update.php on line 447
[13-Jan-2023 18:14:56 UTC] PHP Stack trace:
[13-Jan-2023 18:14:56 UTC] PHP   1. {main}() /Users/user/Local Sites/kuronekohair/app/public/wp-cron.php:0
[13-Jan-2023 18:14:56 UTC] PHP   2. do_action_ref_array() /Users/user/Local Sites/kuronekohair/app/public/wp-cron.php:188
[13-Jan-2023 18:14:56 UTC] PHP   3. WP_Hook->do_action() /Users/user/Local Sites/kuronekohair/app/public/wp-includes/plugin.php:565
[13-Jan-2023 18:14:56 UTC] PHP   4. WP_Hook->apply_filters() /Users/user/Local Sites/kuronekohair/app/public/wp-includes/class-wp-hook.php:332
[13-Jan-2023 18:14:56 UTC] PHP   5. wp_update_plugins() /Users/user/Local Sites/kuronekohair/app/public/wp-includes/class-wp-hook.php:308
[13-Jan-2023 18:14:56 UTC] PHP   6. trigger_error() /Users/user/Local Sites/kuronekohair/app/public/wp-includes/update.php:447
[13-Jan-2023 18:14:56 UTC] PHP Warning:  予期しないエラーが発生しました。WordPress.org かこのサーバーの設定に何か問題があるかもしれません。問題が続くようであれば、<a href="https://ja.wordpress.org/support/forums/">サポートフォーラム</a>を参照してみてください。 (WordPress は WordPress.org との安全な接続を確立できませんでした。サーバー管理者にご連絡ください) in /Users/user/Local Sites/kuronekohair/app/public/wp-includes/update.php on line 728
[13-Jan-2023 18:14:56 UTC] PHP Stack trace:
[13-Jan-2023 18:14:56 UTC] PHP   1. {main}() /Users/user/Local Sites/kuronekohair/app/public/wp-cron.php:0
[13-Jan-2023 18:14:56 UTC] PHP   2. do_action_ref_array() /Users/user/Local Sites/kuronekohair/app/public/wp-cron.php:188
[13-Jan-2023 18:14:56 UTC] PHP   3. WP_Hook->do_action() /Users/user/Local Sites/kuronekohair/app/public/wp-includes/plugin.php:565
[13-Jan-2023 18:14:56 UTC] PHP   4. WP_Hook->apply_filters() /Users/user/Local Sites/kuronekohair/app/public/wp-includes/class-wp-hook.php:332
[13-Jan-2023 18:14:56 UTC] PHP   5. wp_update_themes() /Users/user/Local Sites/kuronekohair/app/public/wp-includes/class-wp-hook.php:308
[13-Jan-2023 18:14:56 UTC] PHP   6. trigger_error() /Users/user/Local Sites/kuronekohair/app/public/wp-includes/update.php:728
[14-Jan-2023 08:16:48 UTC] PHP Warning:  予期しないエラーが発生しました。WordPress.org かこのサーバーの設定に何か問題があるかもしれません。問題が続くようであれば、<a href="https://ja.wordpress.org/support/forums/">サポートフォーラム</a>を参照してみてください。 (WordPress は WordPress.org との安全な接続を確立できませんでした。サーバー管理者にご連絡ください) in /Users/user/Local Sites/kuronekohair/app/public/wp-includes/update.php on line 447
[14-Jan-2023 08:16:48 UTC] PHP Stack trace:
[14-Jan-2023 08:16:48 UTC] PHP   1. {main}() /Users/user/Local Sites/kuronekohair/app/public/wp-cron.php:0
[14-Jan-2023 08:16:48 UTC] PHP   2. do_action_ref_array() /Users/user/Local Sites/kuronekohair/app/public/wp-cron.php:188
[14-Jan-2023 08:16:48 UTC] PHP   3. WP_Hook->do_action() /Users/user/Local Sites/kuronekohair/app/public/wp-includes/plugin.php:565
[14-Jan-2023 08:16:48 UTC] PHP   4. WP_Hook->apply_filters() /Users/user/Local Sites/kuronekohair/app/public/wp-includes/class-wp-hook.php:332
[14-Jan-2023 08:16:48 UTC] PHP   5. wp_version_check() /Users/user/Local Sites/kuronekohair/app/public/wp-includes/class-wp-hook.php:308
[14-Jan-2023 08:16:48 UTC] PHP   6. do_action() /Users/user/Local Sites/kuronekohair/app/public/wp-includes/update.php:290
[14-Jan-2023 08:16:48 UTC] PHP   7. WP_Hook->do_action() /Users/user/Local Sites/kuronekohair/app/public/wp-includes/plugin.php:517
[14-Jan-2023 08:16:48 UTC] PHP   8. WP_Hook->apply_filters() /Users/user/Local Sites/kuronekohair/app/public/wp-includes/class-wp-hook.php:332
[14-Jan-2023 08:16:48 UTC] PHP   9. wp_maybe_auto_update() /Users/user/Local Sites/kuronekohair/app/public/wp-includes/class-wp-hook.php:308
[14-Jan-2023 08:16:48 UTC] PHP  10. WP_Automatic_Updater->run() /Users/user/Local Sites/kuronekohair/app/public/wp-includes/update.php:850
[14-Jan-2023 08:16:48 UTC] PHP  11. wp_update_plugins() /Users/user/Local Sites/kuronekohair/app/public/wp-admin/includes/class-wp-automatic-updater.php:512
[14-Jan-2023 08:16:48 UTC] PHP  12. trigger_error() /Users/user/Local Sites/kuronekohair/app/public/wp-includes/update.php:447
[22-Jan-2023 03:44:25 UTC] PHP Warning:  call_user_func_array() expects parameter 1 to be a valid callback, function 'neko_remove_block_patterns(' not found or invalid function name in /Users/user/Local Sites/kuronekohair/app/public/wp-includes/class-wp-hook.php on line 308
[22-Jan-2023 03:44:25 UTC] PHP Stack trace:
[22-Jan-2023 03:44:25 UTC] PHP   1. {main}() /Users/user/Local Sites/kuronekohair/app/public/wp-admin/admin-ajax.php:0
[22-Jan-2023 03:44:25 UTC] PHP   2. require_once() /Users/user/Local Sites/kuronekohair/app/public/wp-admin/admin-ajax.php:22
[22-Jan-2023 03:44:25 UTC] PHP   3. require_once() /Users/user/Local Sites/kuronekohair/app/public/wp-load.php:50
[22-Jan-2023 03:44:25 UTC] PHP   4. require_once() /Users/user/Local Sites/kuronekohair/app/public/wp-config.php:91
[22-Jan-2023 03:44:25 UTC] PHP   5. do_action() /Users/user/Local Sites/kuronekohair/app/public/wp-settings.php:595
[22-Jan-2023 03:44:25 UTC] PHP   6. WP_Hook->do_action() /Users/user/Local Sites/kuronekohair/app/public/wp-includes/plugin.php:517
[22-Jan-2023 03:44:25 UTC] PHP   7. WP_Hook->apply_filters() /Users/user/Local Sites/kuronekohair/app/public/wp-includes/class-wp-hook.php:332
[22-Jan-2023 03:44:27 UTC] PHP Warning:  call_user_func_array() expects parameter 1 to be a valid callback, function 'neko_remove_block_patterns(' not found or invalid function name in /Users/user/Local Sites/kuronekohair/app/public/wp-includes/class-wp-hook.php on line 308
[22-Jan-2023 03:44:27 UTC] PHP Stack trace:
[22-Jan-2023 03:44:27 UTC] PHP   1. {main}() /Users/user/Local Sites/kuronekohair/app/public/wp-admin/post.php:0
[22-Jan-2023 03:44:27 UTC] PHP Warning:  call_user_func_array() expects parameter 1 to be a valid callback, function 'neko_remove_block_patterns(' not found or invalid function name in /Users/user/Local Sites/kuronekohair/app/public/wp-includes/class-wp-hook.php on line 308
[22-Jan-2023 03:44:27 UTC] PHP   2. require_once() /Users/user/Local Sites/kuronekohair/app/public/wp-admin/post.php:12
[22-Jan-2023 03:44:27 UTC] PHP Stack trace:
[22-Jan-2023 03:44:27 UTC] PHP   1. {main}() /Users/user/Local Sites/kuronekohair/app/public/wp-admin/admin-ajax.php:0
[22-Jan-2023 03:44:27 UTC] PHP   3. require_once() /Users/user/Local Sites/kuronekohair/app/public/wp-admin/admin.php:34
[22-Jan-2023 03:44:27 UTC] PHP   4. require_once() /Users/user/Local Sites/kuronekohair/app/public/wp-load.php:50
[22-Jan-2023 03:44:27 UTC] PHP   5. require_once() /Users/user/Local Sites/kuronekohair/app/public/wp-config.php:91
[22-Jan-2023 03:44:27 UTC] PHP   6. do_action() /Users/user/Local Sites/kuronekohair/app/public/wp-settings.php:595
[22-Jan-2023 03:44:27 UTC] PHP   7. WP_Hook->do_action() /Users/user/Local Sites/kuronekohair/app/public/wp-includes/plugin.php:517
[22-Jan-2023 03:44:27 UTC] PHP   8. WP_Hook->apply_filters() /Users/user/Local Sites/kuronekohair/app/public/wp-includes/class-wp-hook.php:332
[22-Jan-2023 03:44:27 UTC] PHP   2. require_once() /Users/user/Local Sites/kuronekohair/app/public/wp-admin/admin-ajax.php:22
[22-Jan-2023 03:44:27 UTC] PHP   3. require_once() /Users/user/Local Sites/kuronekohair/app/public/wp-load.php:50
[22-Jan-2023 03:44:27 UTC] PHP   4. require_once() /Users/user/Local Sites/kuronekohair/app/public/wp-config.php:91
[22-Jan-2023 03:44:27 UTC] PHP   5. do_action() /Users/user/Local Sites/kuronekohair/app/public/wp-settings.php:595
[22-Jan-2023 03:44:27 UTC] PHP   6. WP_Hook->do_action() /Users/user/Local Sites/kuronekohair/app/public/wp-includes/plugin.php:517
[22-Jan-2023 03:44:27 UTC] PHP   7. WP_Hook->apply_filters() /Users/user/Local Sites/kuronekohair/app/public/wp-includes/class-wp-hook.php:332
[22-Jan-2023 03:44:29 UTC] PHP Warning:  call_user_func_array() expects parameter 1 to be a valid callback, function 'neko_remove_block_patterns(' not found or invalid function name in /Users/user/Local Sites/kuronekohair/app/public/wp-includes/class-wp-hook.php on line 308
[22-Jan-2023 03:44:29 UTC] PHP Stack trace:
[22-Jan-2023 03:44:29 UTC] PHP   1. {main}() /Users/user/Local Sites/kuronekohair/app/public/index.php:0
[22-Jan-2023 03:44:29 UTC] PHP   2. require() /Users/user/Local Sites/kuronekohair/app/public/index.php:17
[22-Jan-2023 03:44:29 UTC] PHP   3. require_once() /Users/user/Local Sites/kuronekohair/app/public/wp-blog-header.php:13
[22-Jan-2023 03:44:29 UTC] PHP   4. require_once() /Users/user/Local Sites/kuronekohair/app/public/wp-load.php:50
[22-Jan-2023 03:44:29 UTC] PHP   5. require_once() /Users/user/Local Sites/kuronekohair/app/public/wp-config.php:91
[22-Jan-2023 03:44:29 UTC] PHP   6. do_action() /Users/user/Local Sites/kuronekohair/app/public/wp-settings.php:595
[22-Jan-2023 03:44:29 UTC] PHP   7. WP_Hook->do_action() /Users/user/Local Sites/kuronekohair/app/public/wp-includes/plugin.php:517
[22-Jan-2023 03:44:29 UTC] PHP   8. WP_Hook->apply_filters() /Users/user/Local Sites/kuronekohair/app/public/wp-includes/class-wp-hook.php:332
[22-Jan-2023 03:44:29 UTC] PHP Warning:  call_user_func_array() expects parameter 1 to be a valid callback, function 'neko_remove_block_patterns(' not found or invalid function name in /Users/user/Local Sites/kuronekohair/app/public/wp-includes/class-wp-hook.php on line 308
[22-Jan-2023 03:44:29 UTC] PHP Stack trace:
[22-Jan-2023 03:44:29 UTC] PHP   1. {main}() /Users/user/Local Sites/kuronekohair/app/public/index.php:0
[22-Jan-2023 03:44:29 UTC] PHP   2. require() /Users/user/Local Sites/kuronekohair/app/public/index.php:17
[22-Jan-2023 03:44:29 UTC] PHP   3. require_once() /Users/user/Local Sites/kuronekohair/app/public/wp-blog-header.php:13
[22-Jan-2023 03:44:29 UTC] PHP   4. require_once() /Users/user/Local Sites/kuronekohair/app/public/wp-load.php:50
[22-Jan-2023 03:44:29 UTC] PHP   5. require_once() /Users/user/Local Sites/kuronekohair/app/public/wp-config.php:91
[22-Jan-2023 03:44:29 UTC] PHP   6. do_action() /Users/user/Local Sites/kuronekohair/app/public/wp-settings.php:595
[22-Jan-2023 03:44:29 UTC] PHP   7. WP_Hook->do_action() /Users/user/Local Sites/kuronekohair/app/public/wp-includes/plugin.php:517
[22-Jan-2023 03:44:29 UTC] PHP   8. WP_Hook->apply_filters() /Users/user/Local Sites/kuronekohair/app/public/wp-includes/class-wp-hook.php:332
[22-Jan-2023 03:44:29 UTC] PHP Warning:  call_user_func_array() expects parameter 1 to be a valid callback, function 'neko_remove_block_patterns(' not found or invalid function name in /Users/user/Local Sites/kuronekohair/app/public/wp-includes/class-wp-hook.php on line 308
[22-Jan-2023 03:44:29 UTC] PHP Stack trace:
[22-Jan-2023 03:44:29 UTC] PHP   1. {main}() /Users/user/Local Sites/kuronekohair/app/public/index.php:0
[22-Jan-2023 03:44:29 UTC] PHP   2. require() /Users/user/Local Sites/kuronekohair/app/public/index.php:17
[22-Jan-2023 03:44:29 UTC] PHP   3. require_once() /Users/user/Local Sites/kuronekohair/app/public/wp-blog-header.php:13
[22-Jan-2023 03:44:29 UTC] PHP   4. require_once() /Users/user/Local Sites/kuronekohair/app/public/wp-load.php:50
[22-Jan-2023 03:44:29 UTC] PHP   5. require_once() /Users/user/Local Sites/kuronekohair/app/public/wp-config.php:91
[22-Jan-2023 03:44:29 UTC] PHP   6. do_action() /Users/user/Local Sites/kuronekohair/app/public/wp-settings.php:595
[22-Jan-2023 03:44:29 UTC] PHP   7. WP_Hook->do_action() /Users/user/Local Sites/kuronekohair/app/public/wp-includes/plugin.php:517
[22-Jan-2023 03:44:29 UTC] PHP   8. WP_Hook->apply_filters() /Users/user/Local Sites/kuronekohair/app/public/wp-includes/class-wp-hook.php:332
[22-Jan-2023 03:44:29 UTC] PHP Warning:  call_user_func_array() expects parameter 1 to be a valid callback, function 'neko_remove_block_patterns(' not found or invalid function name in /Users/user/Local Sites/kuronekohair/app/public/wp-includes/class-wp-hook.php on line 308
[22-Jan-2023 03:44:29 UTC] PHP Stack trace:
[22-Jan-2023 03:44:29 UTC] PHP   1. {main}() /Users/user/Local Sites/kuronekohair/app/public/index.php:0
[22-Jan-2023 03:44:29 UTC] PHP   2. require() /Users/user/Local Sites/kuronekohair/app/public/index.php:17
[22-Jan-2023 03:44:29 UTC] PHP   3. require_once() /Users/user/Local Sites/kuronekohair/app/public/wp-blog-header.php:13
[22-Jan-2023 03:44:29 UTC] PHP   4. require_once() /Users/user/Local Sites/kuronekohair/app/public/wp-load.php:50
[22-Jan-2023 03:44:29 UTC] PHP   5. require_once() /Users/user/Local Sites/kuronekohair/app/public/wp-config.php:91
[22-Jan-2023 03:44:29 UTC] PHP   6. do_action() /Users/user/Local Sites/kuronekohair/app/public/wp-settings.php:595
[22-Jan-2023 03:44:29 UTC] PHP   7. WP_Hook->do_action() /Users/user/Local Sites/kuronekohair/app/public/wp-includes/plugin.php:517
[22-Jan-2023 03:44:29 UTC] PHP   8. WP_Hook->apply_filters() /Users/user/Local Sites/kuronekohair/app/public/wp-includes/class-wp-hook.php:332
[22-Jan-2023 03:44:29 UTC] PHP Warning:  call_user_func_array() expects parameter 1 to be a valid callback, function 'neko_remove_block_patterns(' not found or invalid function name in /Users/user/Local Sites/kuronekohair/app/public/wp-includes/class-wp-hook.php on line 308
[22-Jan-2023 03:44:29 UTC] PHP Stack trace:
[22-Jan-2023 03:44:29 UTC] PHP   1. {main}() /Users/user/Local Sites/kuronekohair/app/public/index.php:0
[22-Jan-2023 03:44:29 UTC] PHP   2. require() /Users/user/Local Sites/kuronekohair/app/public/index.php:17
[22-Jan-2023 03:44:29 UTC] PHP   3. require_once() /Users/user/Local Sites/kuronekohair/app/public/wp-blog-header.php:13
[22-Jan-2023 03:44:29 UTC] PHP   4. require_once() /Users/user/Local Sites/kuronekohair/app/public/wp-load.php:50
[22-Jan-2023 03:44:29 UTC] PHP   5. require_once() /Users/user/Local Sites/kuronekohair/app/public/wp-config.php:91
[22-Jan-2023 03:44:29 UTC] PHP   6. do_action() /Users/user/Local Sites/kuronekohair/app/public/wp-settings.php:595
[22-Jan-2023 03:44:29 UTC] PHP   7. WP_Hook->do_action() /Users/user/Local Sites/kuronekohair/app/public/wp-includes/plugin.php:517
[22-Jan-2023 03:44:29 UTC] PHP   8. WP_Hook->apply_filters() /Users/user/Local Sites/kuronekohair/app/public/wp-includes/class-wp-hook.php:332
[22-Jan-2023 03:44:29 UTC] PHP Warning:  call_user_func_array() expects parameter 1 to be a valid callback, function 'neko_remove_block_patterns(' not found or invalid function name in /Users/user/Local Sites/kuronekohair/app/public/wp-includes/class-wp-hook.php on line 308
[22-Jan-2023 03:44:29 UTC] PHP Stack trace:
[22-Jan-2023 03:44:29 UTC] PHP   1. {main}() /Users/user/Local Sites/kuronekohair/app/public/index.php:0
[22-Jan-2023 03:44:29 UTC] PHP   2. require() /Users/user/Local Sites/kuronekohair/app/public/index.php:17
[22-Jan-2023 03:44:29 UTC] PHP   3. require_once() /Users/user/Local Sites/kuronekohair/app/public/wp-blog-header.php:13
[22-Jan-2023 03:44:29 UTC] PHP   4. require_once() /Users/user/Local Sites/kuronekohair/app/public/wp-load.php:50
[22-Jan-2023 03:44:29 UTC] PHP   5. require_once() /Users/user/Local Sites/kuronekohair/app/public/wp-config.php:91
[22-Jan-2023 03:44:29 UTC] PHP   6. do_action() /Users/user/Local Sites/kuronekohair/app/public/wp-settings.php:595
[22-Jan-2023 03:44:29 UTC] PHP   7. WP_Hook->do_action() /Users/user/Local Sites/kuronekohair/app/public/wp-includes/plugin.php:517
[22-Jan-2023 03:44:29 UTC] PHP   8. WP_Hook->apply_filters() /Users/user/Local Sites/kuronekohair/app/public/wp-includes/class-wp-hook.php:332
[22-Jan-2023 03:44:29 UTC] PHP Warning:  call_user_func_array() expects parameter 1 to be a valid callback, function 'neko_remove_block_patterns(' not found or invalid function name in /Users/user/Local Sites/kuronekohair/app/public/wp-includes/class-wp-hook.php on line 308
[22-Jan-2023 03:44:29 UTC] PHP Stack trace:
[22-Jan-2023 03:44:29 UTC] PHP   1. {main}() /Users/user/Local Sites/kuronekohair/app/public/index.php:0
[22-Jan-2023 03:44:29 UTC] PHP   2. require() /Users/user/Local Sites/kuronekohair/app/public/index.php:17
[22-Jan-2023 03:44:29 UTC] PHP   3. require_once() /Users/user/Local Sites/kuronekohair/app/public/wp-blog-header.php:13
[22-Jan-2023 03:44:29 UTC] PHP   4. require_once() /Users/user/Local Sites/kuronekohair/app/public/wp-load.php:50
[22-Jan-2023 03:44:29 UTC] PHP   5. require_once() /Users/user/Local Sites/kuronekohair/app/public/wp-config.php:91
[22-Jan-2023 03:44:29 UTC] PHP   6. do_action() /Users/user/Local Sites/kuronekohair/app/public/wp-settings.php:595
[22-Jan-2023 03:44:29 UTC] PHP   7. WP_Hook->do_action() /Users/user/Local Sites/kuronekohair/app/public/wp-includes/plugin.php:517
[22-Jan-2023 03:44:29 UTC] PHP   8. WP_Hook->apply_filters() /Users/user/Local Sites/kuronekohair/app/public/wp-includes/class-wp-hook.php:332
[22-Jan-2023 03:44:29 UTC] PHP Warning:  call_user_func_array() expects parameter 1 to be a valid callback, function 'neko_remove_block_patterns(' not found or invalid function name in /Users/user/Local Sites/kuronekohair/app/public/wp-includes/class-wp-hook.php on line 308
[22-Jan-2023 03:44:29 UTC] PHP Stack trace:
[22-Jan-2023 03:44:29 UTC] PHP   1. {main}() /Users/user/Local Sites/kuronekohair/app/public/index.php:0
[22-Jan-2023 03:44:29 UTC] PHP   2. require() /Users/user/Local Sites/kuronekohair/app/public/index.php:17
[22-Jan-2023 03:44:29 UTC] PHP   3. require_once() /Users/user/Local Sites/kuronekohair/app/public/wp-blog-header.php:13
[22-Jan-2023 03:44:29 UTC] PHP   4. require_once() /Users/user/Local Sites/kuronekohair/app/public/wp-load.php:50
[22-Jan-2023 03:44:29 UTC] PHP   5. require_once() /Users/user/Local Sites/kuronekohair/app/public/wp-config.php:91
[22-Jan-2023 03:44:29 UTC] PHP   6. do_action() /Users/user/Local Sites/kuronekohair/app/public/wp-settings.php:595
[22-Jan-2023 03:44:29 UTC] PHP   7. WP_Hook->do_action() /Users/user/Local Sites/kuronekohair/app/public/wp-includes/plugin.php:517
[22-Jan-2023 03:44:29 UTC] PHP   8. WP_Hook->apply_filters() /Users/user/Local Sites/kuronekohair/app/public/wp-includes/class-wp-hook.php:332
[22-Jan-2023 03:44:30 UTC] PHP Warning:  call_user_func_array() expects parameter 1 to be a valid callback, function 'neko_remove_block_patterns(' not found or invalid function name in /Users/user/Local Sites/kuronekohair/app/public/wp-includes/class-wp-hook.php on line 308
[22-Jan-2023 03:44:30 UTC] PHP Stack trace:
[22-Jan-2023 03:44:30 UTC] PHP   1. {main}() /Users/user/Local Sites/kuronekohair/app/public/index.php:0
[22-Jan-2023 03:44:30 UTC] PHP   2. require() /Users/user/Local Sites/kuronekohair/app/public/index.php:17
[22-Jan-2023 03:44:30 UTC] PHP   3. require_once() /Users/user/Local Sites/kuronekohair/app/public/wp-blog-header.php:13
[22-Jan-2023 03:44:30 UTC] PHP   4. require_once() /Users/user/Local Sites/kuronekohair/app/public/wp-load.php:50
[22-Jan-2023 03:44:30 UTC] PHP   5. require_once() /Users/user/Local Sites/kuronekohair/app/public/wp-config.php:91
[22-Jan-2023 03:44:30 UTC] PHP   6. do_action() /Users/user/Local Sites/kuronekohair/app/public/wp-settings.php:595
[22-Jan-2023 03:44:30 UTC] PHP   7. WP_Hook->do_action() /Users/user/Local Sites/kuronekohair/app/public/wp-includes/plugin.php:517
[22-Jan-2023 03:44:30 UTC] PHP   8. WP_Hook->apply_filters() /Users/user/Local Sites/kuronekohair/app/public/wp-includes/class-wp-hook.php:332
[22-Jan-2023 03:44:46 UTC] PHP Warning:  call_user_func_array() expects parameter 1 to be a valid callback, function 'neko_remove_block_patterns(' not found or invalid function name in /Users/user/Local Sites/kuronekohair/app/public/wp-includes/class-wp-hook.php on line 308
[22-Jan-2023 03:44:46 UTC] PHP Stack trace:
[22-Jan-2023 03:44:46 UTC] PHP   1. {main}() /Users/user/Local Sites/kuronekohair/app/public/wp-admin/admin-ajax.php:0
[22-Jan-2023 03:44:46 UTC] PHP   2. require_once() /Users/user/Local Sites/kuronekohair/app/public/wp-admin/admin-ajax.php:22
[22-Jan-2023 03:44:46 UTC] PHP   3. require_once() /Users/user/Local Sites/kuronekohair/app/public/wp-load.php:50
[22-Jan-2023 03:44:46 UTC] PHP   4. require_once() /Users/user/Local Sites/kuronekohair/app/public/wp-config.php:91
[22-Jan-2023 03:44:46 UTC] PHP   5. do_action() /Users/user/Local Sites/kuronekohair/app/public/wp-settings.php:595
[22-Jan-2023 03:44:46 UTC] PHP   6. WP_Hook->do_action() /Users/user/Local Sites/kuronekohair/app/public/wp-includes/plugin.php:517
[22-Jan-2023 03:44:46 UTC] PHP Warning:  call_user_func_array() expects parameter 1 to be a valid callback, function 'neko_remove_block_patterns(' not found or invalid function name in /Users/user/Local Sites/kuronekohair/app/public/wp-includes/class-wp-hook.php on line 308
[22-Jan-2023 03:44:46 UTC] PHP   7. WP_Hook->apply_filters() /Users/user/Local Sites/kuronekohair/app/public/wp-includes/class-wp-hook.php:332
[22-Jan-2023 03:44:46 UTC] PHP Stack trace:
[22-Jan-2023 03:44:46 UTC] PHP   1. {main}() /Users/user/Local Sites/kuronekohair/app/public/wp-admin/edit.php:0
[22-Jan-2023 03:44:46 UTC] PHP   2. require_once() /Users/user/Local Sites/kuronekohair/app/public/wp-admin/edit.php:10
[22-Jan-2023 03:44:46 UTC] PHP   3. require_once() /Users/user/Local Sites/kuronekohair/app/public/wp-admin/admin.php:34
[22-Jan-2023 03:44:46 UTC] PHP   4. require_once() /Users/user/Local Sites/kuronekohair/app/public/wp-load.php:50
[22-Jan-2023 03:44:46 UTC] PHP   5. require_once() /Users/user/Local Sites/kuronekohair/app/public/wp-config.php:91
[22-Jan-2023 03:44:46 UTC] PHP   6. do_action() /Users/user/Local Sites/kuronekohair/app/public/wp-settings.php:595
[22-Jan-2023 03:44:46 UTC] PHP   7. WP_Hook->do_action() /Users/user/Local Sites/kuronekohair/app/public/wp-includes/plugin.php:517
[22-Jan-2023 03:44:46 UTC] PHP   8. WP_Hook->apply_filters() /Users/user/Local Sites/kuronekohair/app/public/wp-includes/class-wp-hook.php:332
[22-Jan-2023 03:44:47 UTC] PHP Warning:  call_user_func_array() expects parameter 1 to be a valid callback, function 'neko_remove_block_patterns(' not found or invalid function name in /Users/user/Local Sites/kuronekohair/app/public/wp-includes/class-wp-hook.php on line 308
[22-Jan-2023 03:44:47 UTC] PHP Stack trace:
[22-Jan-2023 03:44:47 UTC] PHP   1. {main}() /Users/user/Local Sites/kuronekohair/app/public/wp-admin/admin-ajax.php:0
[22-Jan-2023 03:44:47 UTC] PHP   2. require_once() /Users/user/Local Sites/kuronekohair/app/public/wp-admin/admin-ajax.php:22
[22-Jan-2023 03:44:47 UTC] PHP   3. require_once() /Users/user/Local Sites/kuronekohair/app/public/wp-load.php:50
[22-Jan-2023 03:44:47 UTC] PHP   4. require_once() /Users/user/Local Sites/kuronekohair/app/public/wp-config.php:91
[22-Jan-2023 03:44:47 UTC] PHP   5. do_action() /Users/user/Local Sites/kuronekohair/app/public/wp-settings.php:595
[22-Jan-2023 03:44:47 UTC] PHP   6. WP_Hook->do_action() /Users/user/Local Sites/kuronekohair/app/public/wp-includes/plugin.php:517
[22-Jan-2023 03:44:47 UTC] PHP   7. WP_Hook->apply_filters() /Users/user/Local Sites/kuronekohair/app/public/wp-includes/class-wp-hook.php:332
[22-Jan-2023 03:45:02 UTC] PHP Warning:  call_user_func_array() expects parameter 1 to be a valid callback, function 'neko_remove_block_patterns(' not found or invalid function name in /Users/user/Local Sites/kuronekohair/app/public/wp-includes/class-wp-hook.php on line 308
[22-Jan-2023 03:45:02 UTC] PHP Stack trace:
[22-Jan-2023 03:45:02 UTC] PHP   1. {main}() /Users/user/Local Sites/kuronekohair/app/public/wp-admin/admin-ajax.php:0
[22-Jan-2023 03:45:02 UTC] PHP   2. require_once() /Users/user/Local Sites/kuronekohair/app/public/wp-admin/admin-ajax.php:22
[22-Jan-2023 03:45:02 UTC] PHP   3. require_once() /Users/user/Local Sites/kuronekohair/app/public/wp-load.php:50
[22-Jan-2023 03:45:02 UTC] PHP   4. require_once() /Users/user/Local Sites/kuronekohair/app/public/wp-config.php:91
[22-Jan-2023 03:45:02 UTC] PHP   5. do_action() /Users/user/Local Sites/kuronekohair/app/public/wp-settings.php:595
[22-Jan-2023 03:45:02 UTC] PHP   6. WP_Hook->do_action() /Users/user/Local Sites/kuronekohair/app/public/wp-includes/plugin.php:517
[22-Jan-2023 03:45:02 UTC] PHP   7. WP_Hook->apply_filters() /Users/user/Local Sites/kuronekohair/app/public/wp-includes/class-wp-hook.php:332
[22-Jan-2023 03:45:46 UTC] PHP Warning:  call_user_func_array() expects parameter 1 to be a valid callback, function 'neko_remove_block_patterns(' not found or invalid function name in /Users/user/Local Sites/kuronekohair/app/public/wp-includes/class-wp-hook.php on line 308
[22-Jan-2023 03:45:46 UTC] PHP Stack trace:
[22-Jan-2023 03:45:46 UTC] PHP   1. {main}() /Users/user/Local Sites/kuronekohair/app/public/wp-admin/admin-ajax.php:0
[22-Jan-2023 03:45:46 UTC] PHP   2. require_once() /Users/user/Local Sites/kuronekohair/app/public/wp-admin/admin-ajax.php:22
[22-Jan-2023 03:45:46 UTC] PHP   3. require_once() /Users/user/Local Sites/kuronekohair/app/public/wp-load.php:50
[22-Jan-2023 03:45:46 UTC] PHP   4. require_once() /Users/user/Local Sites/kuronekohair/app/public/wp-config.php:91
[22-Jan-2023 03:45:46 UTC] PHP   5. do_action() /Users/user/Local Sites/kuronekohair/app/public/wp-settings.php:595
[22-Jan-2023 03:45:46 UTC] PHP   6. WP_Hook->do_action() /Users/user/Local Sites/kuronekohair/app/public/wp-includes/plugin.php:517
[22-Jan-2023 03:45:46 UTC] PHP   7. WP_Hook->apply_filters() /Users/user/Local Sites/kuronekohair/app/public/wp-includes/class-wp-hook.php:332
[22-Jan-2023 03:45:47 UTC] PHP Warning:  call_user_func_array() expects parameter 1 to be a valid callback, function 'neko_remove_block_patterns(' not found or invalid function name in /Users/user/Local Sites/kuronekohair/app/public/wp-includes/class-wp-hook.php on line 308
[22-Jan-2023 03:45:47 UTC] PHP Stack trace:
[22-Jan-2023 03:45:47 UTC] PHP   1. {main}() /Users/user/Local Sites/kuronekohair/app/public/wp-admin/edit.php:0
[22-Jan-2023 03:45:47 UTC] PHP   2. require_once() /Users/user/Local Sites/kuronekohair/app/public/wp-admin/edit.php:10
[22-Jan-2023 03:45:47 UTC] PHP   3. require_once() /Users/user/Local Sites/kuronekohair/app/public/wp-admin/admin.php:34
[22-Jan-2023 03:45:47 UTC] PHP   4. require_once() /Users/user/Local Sites/kuronekohair/app/public/wp-load.php:50
[22-Jan-2023 03:45:47 UTC] PHP   5. require_once() /Users/user/Local Sites/kuronekohair/app/public/wp-config.php:91
[22-Jan-2023 03:45:47 UTC] PHP   6. do_action() /Users/user/Local Sites/kuronekohair/app/public/wp-settings.php:595
[22-Jan-2023 03:45:47 UTC] PHP   7. WP_Hook->do_action() /Users/user/Local Sites/kuronekohair/app/public/wp-includes/plugin.php:517
[22-Jan-2023 03:45:47 UTC] PHP   8. WP_Hook->apply_filters() /Users/user/Local Sites/kuronekohair/app/public/wp-includes/class-wp-hook.php:332
[22-Jan-2023 03:45:48 UTC] PHP Warning:  call_user_func_array() expects parameter 1 to be a valid callback, function 'neko_remove_block_patterns(' not found or invalid function name in /Users/user/Local Sites/kuronekohair/app/public/wp-includes/class-wp-hook.php on line 308
[22-Jan-2023 03:45:48 UTC] PHP Stack trace:
[22-Jan-2023 03:45:48 UTC] PHP   1. {main}() /Users/user/Local Sites/kuronekohair/app/public/wp-admin/admin-ajax.php:0
[22-Jan-2023 03:45:48 UTC] PHP   2. require_once() /Users/user/Local Sites/kuronekohair/app/public/wp-admin/admin-ajax.php:22
[22-Jan-2023 03:45:48 UTC] PHP   3. require_once() /Users/user/Local Sites/kuronekohair/app/public/wp-load.php:50
[22-Jan-2023 03:45:48 UTC] PHP   4. require_once() /Users/user/Local Sites/kuronekohair/app/public/wp-config.php:91
[22-Jan-2023 03:45:48 UTC] PHP   5. do_action() /Users/user/Local Sites/kuronekohair/app/public/wp-settings.php:595
[22-Jan-2023 03:45:48 UTC] PHP   6. WP_Hook->do_action() /Users/user/Local Sites/kuronekohair/app/public/wp-includes/plugin.php:517
[22-Jan-2023 03:45:48 UTC] PHP   7. WP_Hook->apply_filters() /Users/user/Local Sites/kuronekohair/app/public/wp-includes/class-wp-hook.php:332
[22-Jan-2023 03:46:00 UTC] PHP Warning:  call_user_func_array() expects parameter 1 to be a valid callback, function 'neko_remove_block_patterns(' not found or invalid function name in /Users/user/Local Sites/kuronekohair/app/public/wp-includes/class-wp-hook.php on line 308
[22-Jan-2023 03:46:00 UTC] PHP Stack trace:
[22-Jan-2023 03:46:00 UTC] PHP   1. {main}() /Users/user/Local Sites/kuronekohair/app/public/index.php:0
[22-Jan-2023 03:46:00 UTC] PHP   2. require() /Users/user/Local Sites/kuronekohair/app/public/index.php:17
[22-Jan-2023 03:46:00 UTC] PHP   3. require_once() /Users/user/Local Sites/kuronekohair/app/public/wp-blog-header.php:13
[22-Jan-2023 03:46:00 UTC] PHP   4. require_once() /Users/user/Local Sites/kuronekohair/app/public/wp-load.php:50
[22-Jan-2023 03:46:00 UTC] PHP   5. require_once() /Users/user/Local Sites/kuronekohair/app/public/wp-config.php:91
[22-Jan-2023 03:46:00 UTC] PHP   6. do_action() /Users/user/Local Sites/kuronekohair/app/public/wp-settings.php:595
[22-Jan-2023 03:46:00 UTC] PHP   7. WP_Hook->do_action() /Users/user/Local Sites/kuronekohair/app/public/wp-includes/plugin.php:517
[22-Jan-2023 03:46:00 UTC] PHP   8. WP_Hook->apply_filters() /Users/user/Local Sites/kuronekohair/app/public/wp-includes/class-wp-hook.php:332
